2020-12-08 12:58:58,907 -->INFO com.sdzy.his.web.HisWeb[655] --> The following profiles are active: dev
2020-12-08 12:58:59,564 -->INFO org.springframework.cloud.context.scope.GenericScope[295] --> BeanFactory id=aabda268-cb61-3909-9350-901febc2d3d3
2020-12-08 12:58:59,979 -->INFO org.springframework.boot.web.embedded.tomcat.TomcatWebServer[108] --> Tomcat initialized with port(s): 7001 (http)
2020-12-08 12:58:59,987 -->INFO org.apache.coyote.http11.Http11NioProtocol[173] --> Initializing ProtocolHandler ["http-nio-7001"]
2020-12-08 12:58:59,988 -->INFO org.apache.catalina.core.StandardService[173] --> Starting service [Tomcat]
2020-12-08 12:58:59,988 -->INFO org.apache.catalina.core.StandardEngine[173] --> Starting Servlet engine: [Apache Tomcat/9.0.37]
2020-12-08 12:59:00,081 -->INFO org.apache.catalina.core.ContainerBase.[Tomcat].[localhost].[/][173] --> Initializing Spring embedded WebApplicationContext
2020-12-08 12:59:00,081 -->INFO org.springframework.boot.web.servlet.context.ServletWebServerApplicationContext[285] --> Root WebApplicationContext: initialization completed in 1159 ms
2020-12-08 12:59:00,223 -->WARN org.springframework.boot.actuate.endpoint.EndpointId[155] --> Endpoint ID 'nacos-discovery' contains invalid characters, please migrate to a valid format.
2020-12-08 12:59:00,224 -->WARN org.springframework.boot.actuate.endpoint.EndpointId[155] --> Endpoint ID 'service-registry' contains invalid characters, please migrate to a valid format.
2020-12-08 12:59:00,354 -->WARN com.netflix.config.sources.URLConfigurationSource[121] --> No URLs will be polled as dynamic configuration sources.
2020-12-08 12:59:00,355 -->INFO com.netflix.config.sources.URLConfigurationSource[122] --> To enable URLs as dynamic configuration sources, define System property archaius.configurationSource.additionalUrls or make config.properties available on classpath.
2020-12-08 12:59:00,358 -->WARN com.netflix.config.sources.URLConfigurationSource[121] --> No URLs will be polled as dynamic configuration sources.
2020-12-08 12:59:00,358 -->INFO com.netflix.config.sources.URLConfigurationSource[122] --> To enable URLs as dynamic configuration sources, define System property archaius.configurationSource.additionalUrls or make config.properties available on classpath.
2020-12-08 12:59:00,535 -->INFO org.springframework.scheduling.concurrent.ThreadPoolTaskExecutor[181] --> Initializing ExecutorService 'applicationTaskExecutor'
2020-12-08 12:59:00,921 -->INFO org.springframework.scheduling.concurrent.ThreadPoolTaskScheduler[181] --> Initializing ExecutorService
2020-12-08 12:59:01,399 -->INFO org.springframework.boot.actuate.endpoint.web.EndpointLinksResolver[58] --> Exposing 2 endpoint(s) beneath base path '/actuator'
2020-12-08 12:59:01,462 -->INFO org.apache.coyote.http11.Http11NioProtocol[173] --> Starting ProtocolHandler ["http-nio-7001"]
2020-12-08 12:59:01,481 -->INFO org.springframework.boot.web.embedded.tomcat.TomcatWebServer[220] --> Tomcat started on port(s): 7001 (http) with context path ''
2020-12-08 12:59:01,562 -->INFO com.alibaba.cloud.nacos.registry.NacosServiceRegistry[62] --> nacos registry, his-web 192.168.116.128:7001 register finished
2020-12-08 12:59:01,661 -->INFO com.sdzy.his.web.HisWeb[61] --> Started HisWeb in 3.533 seconds (JVM running for 4.238)
2020-12-08 12:59:01,671 -->INFO com.sdzy.his.web.HisWeb[25] --> HisWeb is start ......
2020-12-08 12:59:01,717 -->INFO org.apache.catalina.core.ContainerBase.[Tomcat].[localhost].[/][173] --> Initializing Spring DispatcherServlet 'dispatcherServlet'
2020-12-08 12:59:01,718 -->INFO org.springframework.web.servlet.DispatcherServlet[525] --> Initializing Servlet 'dispatcherServlet'
2020-12-08 12:59:01,724 -->INFO org.springframework.web.servlet.DispatcherServlet[547] --> Completed initialization in 6 ms
2020-12-08 13:09:32,690 -->INFO com.alibaba.cloud.nacos.registry.NacosServiceRegistry[74] --> De-registering from Nacos Server now...
2020-12-08 13:09:32,693 -->INFO com.alibaba.cloud.nacos.registry.NacosServiceRegistry[93] --> De-registration finished.
2020-12-08 13:09:32,694 -->INFO org.springframework.scheduling.concurrent.ThreadPoolTaskExecutor[218] --> Shutting down ExecutorService 'applicationTaskExecutor'
2020-12-08 13:27:53,076 -->INFO com.sdzy.his.web.HisWeb[655] --> The following profiles are active: dev
2020-12-08 13:27:53,657 -->INFO org.springframework.cloud.context.scope.GenericScope[295] --> BeanFactory id=aabda268-cb61-3909-9350-901febc2d3d3
2020-12-08 13:27:53,991 -->INFO org.springframework.boot.web.embedded.tomcat.TomcatWebServer[108] --> Tomcat initialized with port(s): 7001 (http)
2020-12-08 13:27:53,998 -->INFO org.apache.coyote.http11.Http11NioProtocol[173] --> Initializing ProtocolHandler ["http-nio-7001"]
2020-12-08 13:27:53,998 -->INFO org.apache.catalina.core.StandardService[173] --> Starting service [Tomcat]
2020-12-08 13:27:53,999 -->INFO org.apache.catalina.core.StandardEngine[173] --> Starting Servlet engine: [Apache Tomcat/9.0.37]
2020-12-08 13:27:54,077 -->INFO org.apache.catalina.core.ContainerBase.[Tomcat].[localhost].[/][173] --> Initializing Spring embedded WebApplicationContext
2020-12-08 13:27:54,077 -->INFO org.springframework.boot.web.servlet.context.ServletWebServerApplicationContext[285] --> Root WebApplicationContext: initialization completed in 988 ms
2020-12-08 13:27:54,184 -->WARN org.springframework.boot.actuate.endpoint.EndpointId[155] --> Endpoint ID 'nacos-discovery' contains invalid characters, please migrate to a valid format.
2020-12-08 13:27:54,185 -->WARN org.springframework.boot.actuate.endpoint.EndpointId[155] --> Endpoint ID 'service-registry' contains invalid characters, please migrate to a valid format.
2020-12-08 13:27:54,299 -->WARN com.netflix.config.sources.URLConfigurationSource[121] --> No URLs will be polled as dynamic configuration sources.
2020-12-08 13:27:54,299 -->INFO com.netflix.config.sources.URLConfigurationSource[122] --> To enable URLs as dynamic configuration sources, define System property archaius.configurationSource.additionalUrls or make config.properties available on classpath.
2020-12-08 13:27:54,302 -->WARN com.netflix.config.sources.URLConfigurationSource[121] --> No URLs will be polled as dynamic configuration sources.
2020-12-08 13:27:54,303 -->INFO com.netflix.config.sources.URLConfigurationSource[122] --> To enable URLs as dynamic configuration sources, define System property archaius.configurationSource.additionalUrls or make config.properties available on classpath.
2020-12-08 13:27:54,452 -->INFO org.springframework.scheduling.concurrent.ThreadPoolTaskExecutor[181] --> Initializing ExecutorService 'applicationTaskExecutor'
2020-12-08 13:27:54,736 -->INFO org.springframework.scheduling.concurrent.ThreadPoolTaskScheduler[181] --> Initializing ExecutorService
2020-12-08 13:27:55,150 -->INFO org.springframework.boot.actuate.endpoint.web.EndpointLinksResolver[58] --> Exposing 2 endpoint(s) beneath base path '/actuator'
2020-12-08 13:27:55,201 -->INFO org.apache.coyote.http11.Http11NioProtocol[173] --> Starting ProtocolHandler ["http-nio-7001"]
2020-12-08 13:27:55,216 -->INFO org.springframework.boot.web.embedded.tomcat.TomcatWebServer[220] --> Tomcat started on port(s): 7001 (http) with context path ''
2020-12-08 13:27:55,278 -->INFO com.alibaba.cloud.nacos.registry.NacosServiceRegistry[62] --> nacos registry, his-web 192.168.116.128:7001 register finished
2020-12-08 13:27:55,377 -->INFO com.sdzy.his.web.HisWeb[61] --> Started HisWeb in 3.134 seconds (JVM running for 3.929)
2020-12-08 13:27:55,381 -->INFO com.sdzy.his.web.HisWeb[25] --> HisWeb is start ......
2020-12-08 13:27:55,793 -->INFO org.apache.catalina.core.ContainerBase.[Tomcat].[localhost].[/][173] --> Initializing Spring DispatcherServlet 'dispatcherServlet'
2020-12-08 13:27:55,793 -->INFO org.springframework.web.servlet.DispatcherServlet[525] --> Initializing Servlet 'dispatcherServlet'
2020-12-08 13:27:55,800 -->INFO org.springframework.web.servlet.DispatcherServlet[547] --> Completed initialization in 6 ms
2020-12-08 13:28:00,308 -->INFO com.sdzy.his.common.controller.BaseController[122] --> url请求:http://his-system/system/sMenu/get
2020-12-08 13:28:00,660 -->INFO com.netflix.config.ChainedDynamicProperty[115] --> Flipping property: his-system.ribbon.ActiveConnectionsLimit to use NEXT property: niws.loadbalancer.availabilityFilteringRule.activeConnectionsLimit = 2147483647
2020-12-08 13:28:00,682 -->INFO com.netflix.loadbalancer.BaseLoadBalancer[197] --> Client: his-system instantiated a LoadBalancer: DynamicServerListLoadBalancer:{NFLoadBalancer:name=his-system,current list of Servers=[],Load balancer stats=Zone stats: {},Server stats: []}ServerList:null
2020-12-08 13:28:00,687 -->INFO com.netflix.loadbalancer.DynamicServerListLoadBalancer[222] --> Using serverListUpdater PollingServerListUpdater
2020-12-08 13:28:00,715 -->INFO com.netflix.config.ChainedDynamicProperty[115] --> Flipping property: his-system.ribbon.ActiveConnectionsLimit to use NEXT property: niws.loadbalancer.availabilityFilteringRule.activeConnectionsLimit = 2147483647
2020-12-08 13:28:00,716 -->INFO com.netflix.loadbalancer.DynamicServerListLoadBalancer[150] --> DynamicServerListLoadBalancer for client his-system initialized: DynamicServerListLoadBalancer:{NFLoadBalancer:name=his-system,current list of Servers=[192.168.116.128:8001],Load balancer stats=Zone stats: {unknown=[Zone:unknown;	Instance count:1;	Active connections count: 0;	Circuit breaker tripped count: 0;	Active connections per server: 0.0;]
},Server stats: [[Server:192.168.116.128:8001;	Zone:UNKNOWN;	Total Requests:0;	Successive connection failure:0;	Total blackout seconds:0;	Last connection made:Thu Jan 01 08:00:00 CST 1970;	First connection made: Thu Jan 01 08:00:00 CST 1970;	Active Connections:0;	total failure count in last (1000) msecs:0;	average resp time:0.0;	90 percentile resp time:0.0;	95 percentile resp time:0.0;	min resp time:0.0;	max resp time:0.0;	stddev resp time:0.0]
]}ServerList:com.alibaba.cloud.nacos.ribbon.NacosServerList@72b0d481
2020-12-08 13:28:01,705 -->INFO com.netflix.config.ChainedDynamicProperty[115] --> Flipping property: his-system.ribbon.ActiveConnectionsLimit to use NEXT property: niws.loadbalancer.availabilityFilteringRule.activeConnectionsLimit = 2147483647
2020-12-08 13:33:39,590 -->INFO com.sdzy.his.common.controller.BaseController[122] --> url请求:http://his-system/system/sMenu/getMenuListUser?pageNo={pageNo}
2020-12-08 13:57:00,611 -->INFO com.sdzy.his.common.controller.BaseController[122] --> url请求:http://his-system/system/sMenu/get
2020-12-08 14:14:14,116 -->INFO com.sdzy.his.common.controller.BaseController[122] --> url请求:http://his-system/system/sOrg/listOrg
2020-12-08 14:45:31,789 -->INFO com.sdzy.his.common.controller.BaseController[122] --> url请求:http://his-system/system/sRole/listRole?size={size}&pageNo={pageNo}
2020-12-08 14:45:36,493 -->INFO com.sdzy.his.common.controller.BaseController[122] --> url请求:http://his-system/system/sRole/listRole?pageNo={pageNo}
2020-12-08 14:48:32,473 -->INFO com.sdzy.his.common.controller.BaseController[122] --> url请求:http://his-system/system/sRole/listRoleNum?pageNo={pageNo}
2020-12-08 14:48:42,886 -->INFO com.sdzy.his.common.controller.BaseController[122] --> url请求:http://his-system/system/sRole/listRoleMenu
2020-12-08 15:33:20,603 -->INFO com.netflix.loadbalancer.PollingServerListUpdater[53] --> Shutting down the Executor Pool for PollingServerListUpdater
2020-12-08 15:33:20,675 -->INFO com.alibaba.cloud.nacos.registry.NacosServiceRegistry[74] --> De-registering from Nacos Server now...
2020-12-08 15:33:20,677 -->INFO com.alibaba.cloud.nacos.registry.NacosServiceRegistry[93] --> De-registration finished.
2020-12-08 15:33:20,678 -->INFO org.springframework.scheduling.concurrent.ThreadPoolTaskExecutor[218] --> Shutting down ExecutorService 'applicationTaskExecutor'
2020-12-08 15:33:24,487 -->INFO com.sdzy.his.web.HisWeb[655] --> The following profiles are active: dev
2020-12-08 15:33:25,285 -->INFO org.springframework.cloud.context.scope.GenericScope[295] --> BeanFactory id=aabda268-cb61-3909-9350-901febc2d3d3
2020-12-08 15:33:25,685 -->INFO org.springframework.boot.web.embedded.tomcat.TomcatWebServer[108] --> Tomcat initialized with port(s): 7001 (http)
2020-12-08 15:33:25,692 -->INFO org.apache.coyote.http11.Http11NioProtocol[173] --> Initializing ProtocolHandler ["http-nio-7001"]
2020-12-08 15:33:25,693 -->INFO org.apache.catalina.core.StandardService[173] --> Starting service [Tomcat]
2020-12-08 15:33:25,694 -->INFO org.apache.catalina.core.StandardEngine[173] --> Starting Servlet engine: [Apache Tomcat/9.0.37]
2020-12-08 15:33:25,796 -->INFO org.apache.catalina.core.ContainerBase.[Tomcat].[localhost].[/][173] --> Initializing Spring embedded WebApplicationContext
2020-12-08 15:33:25,797 -->INFO org.springframework.boot.web.servlet.context.ServletWebServerApplicationContext[285] --> Root WebApplicationContext: initialization completed in 1292 ms
2020-12-08 15:33:25,938 -->WARN org.springframework.boot.actuate.endpoint.EndpointId[155] --> Endpoint ID 'nacos-discovery' contains invalid characters, please migrate to a valid format.
2020-12-08 15:33:25,939 -->WARN org.springframework.boot.actuate.endpoint.EndpointId[155] --> Endpoint ID 'service-registry' contains invalid characters, please migrate to a valid format.
2020-12-08 15:33:26,102 -->WARN com.netflix.config.sources.URLConfigurationSource[121] --> No URLs will be polled as dynamic configuration sources.
2020-12-08 15:33:26,102 -->INFO com.netflix.config.sources.URLConfigurationSource[122] --> To enable URLs as dynamic configuration sources, define System property archaius.configurationSource.additionalUrls or make config.properties available on classpath.
2020-12-08 15:33:26,106 -->WARN com.netflix.config.sources.URLConfigurationSource[121] --> No URLs will be polled as dynamic configuration sources.
2020-12-08 15:33:26,106 -->INFO com.netflix.config.sources.URLConfigurationSource[122] --> To enable URLs as dynamic configuration sources, define System property archaius.configurationSource.additionalUrls or make config.properties available on classpath.
2020-12-08 15:33:26,274 -->INFO org.springframework.scheduling.concurrent.ThreadPoolTaskExecutor[181] --> Initializing ExecutorService 'applicationTaskExecutor'
2020-12-08 15:33:26,579 -->INFO org.springframework.scheduling.concurrent.ThreadPoolTaskScheduler[181] --> Initializing ExecutorService
2020-12-08 15:33:27,005 -->INFO org.springframework.boot.actuate.endpoint.web.EndpointLinksResolver[58] --> Exposing 2 endpoint(s) beneath base path '/actuator'
2020-12-08 15:33:27,060 -->INFO org.apache.coyote.http11.Http11NioProtocol[173] --> Starting ProtocolHandler ["http-nio-7001"]
2020-12-08 15:33:27,077 -->INFO org.springframework.boot.web.embedded.tomcat.TomcatWebServer[220] --> Tomcat started on port(s): 7001 (http) with context path ''
2020-12-08 15:33:27,146 -->INFO com.alibaba.cloud.nacos.registry.NacosServiceRegistry[62] --> nacos registry, his-web 192.168.116.128:7001 register finished
2020-12-08 15:33:27,234 -->INFO com.sdzy.his.web.HisWeb[61] --> Started HisWeb in 3.556 seconds (JVM running for 4.248)
2020-12-08 15:33:27,239 -->INFO com.sdzy.his.web.HisWeb[25] --> HisWeb is start ......
2020-12-08 15:33:27,322 -->INFO org.apache.catalina.core.ContainerBase.[Tomcat].[localhost].[/][173] --> Initializing Spring DispatcherServlet 'dispatcherServlet'
2020-12-08 15:33:27,322 -->INFO org.springframework.web.servlet.DispatcherServlet[525] --> Initializing Servlet 'dispatcherServlet'
2020-12-08 15:33:27,330 -->INFO org.springframework.web.servlet.DispatcherServlet[547] --> Completed initialization in 8 ms
2020-12-08 15:33:52,129 -->INFO com.alibaba.cloud.nacos.registry.NacosServiceRegistry[74] --> De-registering from Nacos Server now...
2020-12-08 15:33:52,131 -->INFO com.alibaba.cloud.nacos.registry.NacosServiceRegistry[93] --> De-registration finished.
2020-12-08 15:33:52,132 -->INFO org.springframework.scheduling.concurrent.ThreadPoolTaskExecutor[218] --> Shutting down ExecutorService 'applicationTaskExecutor'
2020-12-08 15:33:55,627 -->INFO com.sdzy.his.web.HisWeb[655] --> The following profiles are active: dev
2020-12-08 15:33:56,343 -->INFO org.springframework.cloud.context.scope.GenericScope[295] --> BeanFactory id=aabda268-cb61-3909-9350-901febc2d3d3
2020-12-08 15:33:56,721 -->INFO org.springframework.boot.web.embedded.tomcat.TomcatWebServer[108] --> Tomcat initialized with port(s): 7001 (http)
2020-12-08 15:33:56,730 -->INFO org.apache.coyote.http11.Http11NioProtocol[173] --> Initializing ProtocolHandler ["http-nio-7001"]
2020-12-08 15:33:56,730 -->INFO org.apache.catalina.core.StandardService[173] --> Starting service [Tomcat]
2020-12-08 15:33:56,730 -->INFO org.apache.catalina.core.StandardEngine[173] --> Starting Servlet engine: [Apache Tomcat/9.0.37]
2020-12-08 15:33:56,822 -->INFO org.apache.catalina.core.ContainerBase.[Tomcat].[localhost].[/][173] --> Initializing Spring embedded WebApplicationContext
2020-12-08 15:33:56,823 -->INFO org.springframework.boot.web.servlet.context.ServletWebServerApplicationContext[285] --> Root WebApplicationContext: initialization completed in 1180 ms
2020-12-08 15:33:56,960 -->WARN org.springframework.boot.actuate.endpoint.EndpointId[155] --> Endpoint ID 'nacos-discovery' contains invalid characters, please migrate to a valid format.
2020-12-08 15:33:56,962 -->WARN org.springframework.boot.actuate.endpoint.EndpointId[155] --> Endpoint ID 'service-registry' contains invalid characters, please migrate to a valid format.
2020-12-08 15:33:57,098 -->WARN com.netflix.config.sources.URLConfigurationSource[121] --> No URLs will be polled as dynamic configuration sources.
2020-12-08 15:33:57,098 -->INFO com.netflix.config.sources.URLConfigurationSource[122] --> To enable URLs as dynamic configuration sources, define System property archaius.configurationSource.additionalUrls or make config.properties available on classpath.
2020-12-08 15:33:57,101 -->WARN com.netflix.config.sources.URLConfigurationSource[121] --> No URLs will be polled as dynamic configuration sources.
2020-12-08 15:33:57,102 -->INFO com.netflix.config.sources.URLConfigurationSource[122] --> To enable URLs as dynamic configuration sources, define System property archaius.configurationSource.additionalUrls or make config.properties available on classpath.
2020-12-08 15:33:57,265 -->INFO org.springframework.scheduling.concurrent.ThreadPoolTaskExecutor[181] --> Initializing ExecutorService 'applicationTaskExecutor'
2020-12-08 15:33:57,560 -->INFO org.springframework.scheduling.concurrent.ThreadPoolTaskScheduler[181] --> Initializing ExecutorService
2020-12-08 15:33:57,961 -->INFO org.springframework.boot.actuate.endpoint.web.EndpointLinksResolver[58] --> Exposing 2 endpoint(s) beneath base path '/actuator'
2020-12-08 15:33:58,014 -->INFO org.apache.coyote.http11.Http11NioProtocol[173] --> Starting ProtocolHandler ["http-nio-7001"]
2020-12-08 15:33:58,031 -->INFO org.springframework.boot.web.embedded.tomcat.TomcatWebServer[220] --> Tomcat started on port(s): 7001 (http) with context path ''
2020-12-08 15:33:58,098 -->INFO com.alibaba.cloud.nacos.registry.NacosServiceRegistry[62] --> nacos registry, his-web 192.168.116.128:7001 register finished
2020-12-08 15:33:58,186 -->INFO com.sdzy.his.web.HisWeb[61] --> Started HisWeb in 3.338 seconds (JVM running for 4.032)
2020-12-08 15:33:58,190 -->INFO com.sdzy.his.web.HisWeb[25] --> HisWeb is start ......
2020-12-08 15:33:58,554 -->INFO org.apache.catalina.core.ContainerBase.[Tomcat].[localhost].[/][173] --> Initializing Spring DispatcherServlet 'dispatcherServlet'
2020-12-08 15:33:58,554 -->INFO org.springframework.web.servlet.DispatcherServlet[525] --> Initializing Servlet 'dispatcherServlet'
2020-12-08 15:33:58,561 -->INFO org.springframework.web.servlet.DispatcherServlet[547] --> Completed initialization in 7 ms
2020-12-08 15:34:36,889 -->INFO com.sdzy.his.common.controller.BaseController[122] --> url请求:http://his-system/system/sUserRole/listUserRole?compId={compId}&id={id}
2020-12-08 15:34:37,242 -->INFO com.netflix.config.ChainedDynamicProperty[115] --> Flipping property: his-system.ribbon.ActiveConnectionsLimit to use NEXT property: niws.loadbalancer.availabilityFilteringRule.activeConnectionsLimit = 2147483647
2020-12-08 15:34:37,264 -->INFO com.netflix.loadbalancer.BaseLoadBalancer[197] --> Client: his-system instantiated a LoadBalancer: DynamicServerListLoadBalancer:{NFLoadBalancer:name=his-system,current list of Servers=[],Load balancer stats=Zone stats: {},Server stats: []}ServerList:null
2020-12-08 15:34:37,270 -->INFO com.netflix.loadbalancer.DynamicServerListLoadBalancer[222] --> Using serverListUpdater PollingServerListUpdater
2020-12-08 15:34:37,297 -->INFO com.netflix.config.ChainedDynamicProperty[115] --> Flipping property: his-system.ribbon.ActiveConnectionsLimit to use NEXT property: niws.loadbalancer.availabilityFilteringRule.activeConnectionsLimit = 2147483647
2020-12-08 15:34:37,298 -->INFO com.netflix.loadbalancer.DynamicServerListLoadBalancer[150] --> DynamicServerListLoadBalancer for client his-system initialized: DynamicServerListLoadBalancer:{NFLoadBalancer:name=his-system,current list of Servers=[192.168.116.128:8001],Load balancer stats=Zone stats: {unknown=[Zone:unknown;	Instance count:1;	Active connections count: 0;	Circuit breaker tripped count: 0;	Active connections per server: 0.0;]
},Server stats: [[Server:192.168.116.128:8001;	Zone:UNKNOWN;	Total Requests:0;	Successive connection failure:0;	Total blackout seconds:0;	Last connection made:Thu Jan 01 08:00:00 CST 1970;	First connection made: Thu Jan 01 08:00:00 CST 1970;	Active Connections:0;	total failure count in last (1000) msecs:0;	average resp time:0.0;	90 percentile resp time:0.0;	95 percentile resp time:0.0;	min resp time:0.0;	max resp time:0.0;	stddev resp time:0.0]
]}ServerList:com.alibaba.cloud.nacos.ribbon.NacosServerList@3413a8ef
2020-12-08 15:34:38,278 -->INFO com.netflix.config.ChainedDynamicProperty[115] --> Flipping property: his-system.ribbon.ActiveConnectionsLimit to use NEXT property: niws.loadbalancer.availabilityFilteringRule.activeConnectionsLimit = 2147483647
2020-12-08 15:54:00,472 -->INFO com.netflix.loadbalancer.PollingServerListUpdater[53] --> Shutting down the Executor Pool for PollingServerListUpdater
2020-12-08 15:54:00,561 -->INFO com.alibaba.cloud.nacos.registry.NacosServiceRegistry[74] --> De-registering from Nacos Server now...
2020-12-08 15:54:00,563 -->INFO com.alibaba.cloud.nacos.registry.NacosServiceRegistry[93] --> De-registration finished.
2020-12-08 15:54:00,564 -->INFO org.springframework.scheduling.concurrent.ThreadPoolTaskExecutor[218] --> Shutting down ExecutorService 'applicationTaskExecutor'
2020-12-08 15:54:04,258 -->INFO com.sdzy.his.web.HisWeb[655] --> The following profiles are active: dev
2020-12-08 15:54:04,905 -->INFO org.springframework.cloud.context.scope.GenericScope[295] --> BeanFactory id=aabda268-cb61-3909-9350-901febc2d3d3
2020-12-08 15:54:05,327 -->INFO org.springframework.boot.web.embedded.tomcat.TomcatWebServer[108] --> Tomcat initialized with port(s): 7001 (http)
2020-12-08 15:54:05,336 -->INFO org.apache.coyote.http11.Http11NioProtocol[173] --> Initializing ProtocolHandler ["http-nio-7001"]
2020-12-08 15:54:05,337 -->INFO org.apache.catalina.core.StandardService[173] --> Starting service [Tomcat]
2020-12-08 15:54:05,337 -->INFO org.apache.catalina.core.StandardEngine[173] --> Starting Servlet engine: [Apache Tomcat/9.0.37]
2020-12-08 15:54:05,420 -->INFO org.apache.catalina.core.ContainerBase.[Tomcat].[localhost].[/][173] --> Initializing Spring embedded WebApplicationContext
2020-12-08 15:54:05,421 -->INFO org.springframework.boot.web.servlet.context.ServletWebServerApplicationContext[285] --> Root WebApplicationContext: initialization completed in 1148 ms
2020-12-08 15:54:05,564 -->WARN org.springframework.boot.actuate.endpoint.EndpointId[155] --> Endpoint ID 'nacos-discovery' contains invalid characters, please migrate to a valid format.
2020-12-08 15:54:05,566 -->WARN org.springframework.boot.actuate.endpoint.EndpointId[155] --> Endpoint ID 'service-registry' contains invalid characters, please migrate to a valid format.
2020-12-08 15:54:05,810 -->WARN com.netflix.config.sources.URLConfigurationSource[121] --> No URLs will be polled as dynamic configuration sources.
2020-12-08 15:54:05,811 -->INFO com.netflix.config.sources.URLConfigurationSource[122] --> To enable URLs as dynamic configuration sources, define System property archaius.configurationSource.additionalUrls or make config.properties available on classpath.
2020-12-08 15:54:05,814 -->WARN com.netflix.config.sources.URLConfigurationSource[121] --> No URLs will be polled as dynamic configuration sources.
2020-12-08 15:54:05,815 -->INFO com.netflix.config.sources.URLConfigurationSource[122] --> To enable URLs as dynamic configuration sources, define System property archaius.configurationSource.additionalUrls or make config.properties available on classpath.
2020-12-08 15:54:05,988 -->INFO org.springframework.scheduling.concurrent.ThreadPoolTaskExecutor[181] --> Initializing ExecutorService 'applicationTaskExecutor'
2020-12-08 15:54:06,365 -->INFO org.springframework.scheduling.concurrent.ThreadPoolTaskScheduler[181] --> Initializing ExecutorService
2020-12-08 15:54:06,853 -->INFO org.springframework.boot.actuate.endpoint.web.EndpointLinksResolver[58] --> Exposing 2 endpoint(s) beneath base path '/actuator'
2020-12-08 15:54:06,912 -->INFO org.apache.coyote.http11.Http11NioProtocol[173] --> Starting ProtocolHandler ["http-nio-7001"]
2020-12-08 15:54:06,937 -->INFO org.springframework.boot.web.embedded.tomcat.TomcatWebServer[220] --> Tomcat started on port(s): 7001 (http) with context path ''
2020-12-08 15:54:07,003 -->INFO com.alibaba.cloud.nacos.registry.NacosServiceRegistry[62] --> nacos registry, his-web 192.168.116.128:7001 register finished
2020-12-08 15:54:07,094 -->INFO com.sdzy.his.web.HisWeb[61] --> Started HisWeb in 3.676 seconds (JVM running for 4.412)
2020-12-08 15:54:07,098 -->INFO com.sdzy.his.web.HisWeb[25] --> HisWeb is start ......
2020-12-08 15:54:07,638 -->INFO org.apache.catalina.core.ContainerBase.[Tomcat].[localhost].[/][173] --> Initializing Spring DispatcherServlet 'dispatcherServlet'
2020-12-08 15:54:07,638 -->INFO org.springframework.web.servlet.DispatcherServlet[525] --> Initializing Servlet 'dispatcherServlet'
2020-12-08 15:54:07,648 -->INFO org.springframework.web.servlet.DispatcherServlet[547] --> Completed initialization in 10 ms
2020-12-08 15:54:11,954 -->INFO com.sdzy.his.common.controller.BaseController[122] --> url请求:http://his-system/system/sUserRole/listUserRole?compId={compId}
2020-12-08 15:54:12,303 -->INFO com.netflix.config.ChainedDynamicProperty[115] --> Flipping property: his-system.ribbon.ActiveConnectionsLimit to use NEXT property: niws.loadbalancer.availabilityFilteringRule.activeConnectionsLimit = 2147483647
2020-12-08 15:54:12,325 -->INFO com.netflix.loadbalancer.BaseLoadBalancer[197] --> Client: his-system instantiated a LoadBalancer: DynamicServerListLoadBalancer:{NFLoadBalancer:name=his-system,current list of Servers=[],Load balancer stats=Zone stats: {},Server stats: []}ServerList:null
2020-12-08 15:54:12,331 -->INFO com.netflix.loadbalancer.DynamicServerListLoadBalancer[222] --> Using serverListUpdater PollingServerListUpdater
2020-12-08 15:54:12,361 -->INFO com.netflix.config.ChainedDynamicProperty[115] --> Flipping property: his-system.ribbon.ActiveConnectionsLimit to use NEXT property: niws.loadbalancer.availabilityFilteringRule.activeConnectionsLimit = 2147483647
2020-12-08 15:54:12,363 -->INFO com.netflix.loadbalancer.DynamicServerListLoadBalancer[150] --> DynamicServerListLoadBalancer for client his-system initialized: DynamicServerListLoadBalancer:{NFLoadBalancer:name=his-system,current list of Servers=[192.168.116.128:8001],Load balancer stats=Zone stats: {unknown=[Zone:unknown;	Instance count:1;	Active connections count: 0;	Circuit breaker tripped count: 0;	Active connections per server: 0.0;]
},Server stats: [[Server:192.168.116.128:8001;	Zone:UNKNOWN;	Total Requests:0;	Successive connection failure:0;	Total blackout seconds:0;	Last connection made:Thu Jan 01 08:00:00 CST 1970;	First connection made: Thu Jan 01 08:00:00 CST 1970;	Active Connections:0;	total failure count in last (1000) msecs:0;	average resp time:0.0;	90 percentile resp time:0.0;	95 percentile resp time:0.0;	min resp time:0.0;	max resp time:0.0;	stddev resp time:0.0]
]}ServerList:com.alibaba.cloud.nacos.ribbon.NacosServerList@2d633d60
2020-12-08 15:54:13,343 -->INFO com.netflix.config.ChainedDynamicProperty[115] --> Flipping property: his-system.ribbon.ActiveConnectionsLimit to use NEXT property: niws.loadbalancer.availabilityFilteringRule.activeConnectionsLimit = 2147483647
2020-12-08 15:54:44,076 -->INFO com.sdzy.his.common.controller.BaseController[122] --> url请求:http://his-system/system/sUserRole/listUserRole?id={id}
2020-12-08 15:54:47,256 -->INFO com.sdzy.his.common.controller.BaseController[122] --> url请求:http://his-system/system/sUserRole/listUserRole?compId={compId}&id={id}
2020-12-08 15:54:51,441 -->INFO com.sdzy.his.common.controller.BaseController[122] --> url请求:http://his-system/system/sUserRole/listUserRole
2020-12-08 16:38:46,488 -->INFO com.netflix.loadbalancer.PollingServerListUpdater[53] --> Shutting down the Executor Pool for PollingServerListUpdater
2020-12-08 16:38:46,561 -->INFO com.alibaba.cloud.nacos.registry.NacosServiceRegistry[74] --> De-registering from Nacos Server now...
2020-12-08 16:38:46,563 -->INFO com.alibaba.cloud.nacos.registry.NacosServiceRegistry[93] --> De-registration finished.
2020-12-08 16:38:46,563 -->INFO org.springframework.scheduling.concurrent.ThreadPoolTaskExecutor[218] --> Shutting down ExecutorService 'applicationTaskExecutor'
2020-12-08 16:39:37,745 -->INFO com.sdzy.his.web.HisWeb[655] --> The following profiles are active: dev
2020-12-08 16:39:38,392 -->INFO org.springframework.cloud.context.scope.GenericScope[295] --> BeanFactory id=aabda268-cb61-3909-9350-901febc2d3d3
2020-12-08 16:39:38,724 -->INFO org.springframework.boot.web.embedded.tomcat.TomcatWebServer[108] --> Tomcat initialized with port(s): 7001 (http)
2020-12-08 16:39:38,731 -->INFO org.apache.coyote.http11.Http11NioProtocol[173] --> Initializing ProtocolHandler ["http-nio-7001"]
2020-12-08 16:39:38,732 -->INFO org.apache.catalina.core.StandardService[173] --> Starting service [Tomcat]
2020-12-08 16:39:38,732 -->INFO org.apache.catalina.core.StandardEngine[173] --> Starting Servlet engine: [Apache Tomcat/9.0.37]
2020-12-08 16:39:38,809 -->INFO org.apache.catalina.core.ContainerBase.[Tomcat].[localhost].[/][173] --> Initializing Spring embedded WebApplicationContext
2020-12-08 16:39:38,810 -->INFO org.springframework.boot.web.servlet.context.ServletWebServerApplicationContext[285] --> Root WebApplicationContext: initialization completed in 1052 ms
2020-12-08 16:39:38,925 -->WARN org.springframework.boot.actuate.endpoint.EndpointId[155] --> Endpoint ID 'nacos-discovery' contains invalid characters, please migrate to a valid format.
2020-12-08 16:39:38,926 -->WARN org.springframework.boot.actuate.endpoint.EndpointId[155] --> Endpoint ID 'service-registry' contains invalid characters, please migrate to a valid format.
2020-12-08 16:39:39,041 -->WARN com.netflix.config.sources.URLConfigurationSource[121] --> No URLs will be polled as dynamic configuration sources.
2020-12-08 16:39:39,041 -->INFO com.netflix.config.sources.URLConfigurationSource[122] --> To enable URLs as dynamic configuration sources, define System property archaius.configurationSource.additionalUrls or make config.properties available on classpath.
2020-12-08 16:39:39,044 -->WARN com.netflix.config.sources.URLConfigurationSource[121] --> No URLs will be polled as dynamic configuration sources.
2020-12-08 16:39:39,044 -->INFO com.netflix.config.sources.URLConfigurationSource[122] --> To enable URLs as dynamic configuration sources, define System property archaius.configurationSource.additionalUrls or make config.properties available on classpath.
2020-12-08 16:39:39,196 -->INFO org.springframework.scheduling.concurrent.ThreadPoolTaskExecutor[181] --> Initializing ExecutorService 'applicationTaskExecutor'
2020-12-08 16:39:39,485 -->INFO org.springframework.scheduling.concurrent.ThreadPoolTaskScheduler[181] --> Initializing ExecutorService
2020-12-08 16:39:39,912 -->INFO org.springframework.boot.actuate.endpoint.web.EndpointLinksResolver[58] --> Exposing 2 endpoint(s) beneath base path '/actuator'
2020-12-08 16:39:39,964 -->INFO org.apache.coyote.http11.Http11NioProtocol[173] --> Starting ProtocolHandler ["http-nio-7001"]
2020-12-08 16:39:39,980 -->INFO org.springframework.boot.web.embedded.tomcat.TomcatWebServer[220] --> Tomcat started on port(s): 7001 (http) with context path ''
2020-12-08 16:39:40,051 -->INFO com.alibaba.cloud.nacos.registry.NacosServiceRegistry[62] --> nacos registry, his-web 192.168.116.128:7001 register finished
2020-12-08 16:39:40,138 -->INFO com.sdzy.his.web.HisWeb[61] --> Started HisWeb in 3.191 seconds (JVM running for 3.924)
2020-12-08 16:39:40,141 -->INFO com.sdzy.his.web.HisWeb[25] --> HisWeb is start ......
2020-12-08 16:39:40,554 -->INFO org.apache.catalina.core.ContainerBase.[Tomcat].[localhost].[/][173] --> Initializing Spring DispatcherServlet 'dispatcherServlet'
2020-12-08 16:39:40,554 -->INFO org.springframework.web.servlet.DispatcherServlet[525] --> Initializing Servlet 'dispatcherServlet'
2020-12-08 16:39:40,561 -->INFO org.springframework.web.servlet.DispatcherServlet[547] --> Completed initialization in 6 ms
2020-12-08 16:42:55,058 -->INFO com.alibaba.cloud.nacos.registry.NacosServiceRegistry[74] --> De-registering from Nacos Server now...
2020-12-08 16:42:55,060 -->INFO com.alibaba.cloud.nacos.registry.NacosServiceRegistry[93] --> De-registration finished.
2020-12-08 16:42:55,061 -->INFO org.springframework.scheduling.concurrent.ThreadPoolTaskExecutor[218] --> Shutting down ExecutorService 'applicationTaskExecutor'
2020-12-08 16:42:58,765 -->INFO com.sdzy.his.web.HisWeb[655] --> The following profiles are active: dev
2020-12-08 16:42:59,506 -->INFO org.springframework.cloud.context.scope.GenericScope[295] --> BeanFactory id=aabda268-cb61-3909-9350-901febc2d3d3
2020-12-08 16:42:59,891 -->INFO org.springframework.boot.web.embedded.tomcat.TomcatWebServer[108] --> Tomcat initialized with port(s): 7001 (http)
2020-12-08 16:42:59,902 -->INFO org.apache.coyote.http11.Http11NioProtocol[173] --> Initializing ProtocolHandler ["http-nio-7001"]
2020-12-08 16:42:59,903 -->INFO org.apache.catalina.core.StandardService[173] --> Starting service [Tomcat]
2020-12-08 16:42:59,903 -->INFO org.apache.catalina.core.StandardEngine[173] --> Starting Servlet engine: [Apache Tomcat/9.0.37]
2020-12-08 16:43:00,025 -->INFO org.apache.catalina.core.ContainerBase.[Tomcat].[localhost].[/][173] --> Initializing Spring embedded WebApplicationContext
2020-12-08 16:43:00,025 -->INFO org.springframework.boot.web.servlet.context.ServletWebServerApplicationContext[285] --> Root WebApplicationContext: initialization completed in 1246 ms
2020-12-08 16:43:00,149 -->WARN org.springframework.boot.actuate.endpoint.EndpointId[155] --> Endpoint ID 'nacos-discovery' contains invalid characters, please migrate to a valid format.
2020-12-08 16:43:00,150 -->WARN org.springframework.boot.actuate.endpoint.EndpointId[155] --> Endpoint ID 'service-registry' contains invalid characters, please migrate to a valid format.
2020-12-08 16:43:00,302 -->WARN com.netflix.config.sources.URLConfigurationSource[121] --> No URLs will be polled as dynamic configuration sources.
2020-12-08 16:43:00,302 -->INFO com.netflix.config.sources.URLConfigurationSource[122] --> To enable URLs as dynamic configuration sources, define System property archaius.configurationSource.additionalUrls or make config.properties available on classpath.
2020-12-08 16:43:00,305 -->WARN com.netflix.config.sources.URLConfigurationSource[121] --> No URLs will be polled as dynamic configuration sources.
2020-12-08 16:43:00,305 -->INFO com.netflix.config.sources.URLConfigurationSource[122] --> To enable URLs as dynamic configuration sources, define System property archaius.configurationSource.additionalUrls or make config.properties available on classpath.
2020-12-08 16:43:00,477 -->INFO org.springframework.scheduling.concurrent.ThreadPoolTaskExecutor[181] --> Initializing ExecutorService 'applicationTaskExecutor'
2020-12-08 16:43:00,766 -->INFO org.springframework.scheduling.concurrent.ThreadPoolTaskScheduler[181] --> Initializing ExecutorService
2020-12-08 16:43:01,177 -->INFO org.springframework.boot.actuate.endpoint.web.EndpointLinksResolver[58] --> Exposing 2 endpoint(s) beneath base path '/actuator'
2020-12-08 16:43:01,230 -->INFO org.apache.coyote.http11.Http11NioProtocol[173] --> Starting ProtocolHandler ["http-nio-7001"]
2020-12-08 16:43:01,247 -->INFO org.springframework.boot.web.embedded.tomcat.TomcatWebServer[220] --> Tomcat started on port(s): 7001 (http) with context path ''
2020-12-08 16:43:01,315 -->INFO com.alibaba.cloud.nacos.registry.NacosServiceRegistry[62] --> nacos registry, his-web 192.168.116.128:7001 register finished
2020-12-08 16:43:01,402 -->INFO com.sdzy.his.web.HisWeb[61] --> Started HisWeb in 3.431 seconds (JVM running for 4.053)
2020-12-08 16:43:01,406 -->INFO com.sdzy.his.web.HisWeb[25] --> HisWeb is start ......
2020-12-08 16:43:01,607 -->INFO org.apache.catalina.core.ContainerBase.[Tomcat].[localhost].[/][173] --> Initializing Spring DispatcherServlet 'dispatcherServlet'
2020-12-08 16:43:01,608 -->INFO org.springframework.web.servlet.DispatcherServlet[525] --> Initializing Servlet 'dispatcherServlet'
2020-12-08 16:43:01,615 -->INFO org.springframework.web.servlet.DispatcherServlet[547] --> Completed initialization in 7 ms
2020-12-08 16:45:15,439 -->INFO com.alibaba.cloud.nacos.registry.NacosServiceRegistry[74] --> De-registering from Nacos Server now...
2020-12-08 16:45:15,441 -->INFO com.alibaba.cloud.nacos.registry.NacosServiceRegistry[93] --> De-registration finished.
2020-12-08 16:45:15,442 -->INFO org.springframework.scheduling.concurrent.ThreadPoolTaskExecutor[218] --> Shutting down ExecutorService 'applicationTaskExecutor'
2020-12-08 16:45:21,242 -->INFO com.sdzy.his.web.HisWeb[655] --> The following profiles are active: dev
2020-12-08 16:45:21,873 -->INFO org.springframework.cloud.context.scope.GenericScope[295] --> BeanFactory id=aabda268-cb61-3909-9350-901febc2d3d3
2020-12-08 16:45:22,218 -->INFO org.springframework.boot.web.embedded.tomcat.TomcatWebServer[108] --> Tomcat initialized with port(s): 7001 (http)
2020-12-08 16:45:22,226 -->INFO org.apache.coyote.http11.Http11NioProtocol[173] --> Initializing ProtocolHandler ["http-nio-7001"]
2020-12-08 16:45:22,227 -->INFO org.apache.catalina.core.StandardService[173] --> Starting service [Tomcat]
2020-12-08 16:45:22,227 -->INFO org.apache.catalina.core.StandardEngine[173] --> Starting Servlet engine: [Apache Tomcat/9.0.37]
2020-12-08 16:45:22,306 -->INFO org.apache.catalina.core.ContainerBase.[Tomcat].[localhost].[/][173] --> Initializing Spring embedded WebApplicationContext
2020-12-08 16:45:22,306 -->INFO org.springframework.boot.web.servlet.context.ServletWebServerApplicationContext[285] --> Root WebApplicationContext: initialization completed in 1051 ms
2020-12-08 16:45:22,429 -->WARN org.springframework.boot.actuate.endpoint.EndpointId[155] --> Endpoint ID 'nacos-discovery' contains invalid characters, please migrate to a valid format.
2020-12-08 16:45:22,430 -->WARN org.springframework.boot.actuate.endpoint.EndpointId[155] --> Endpoint ID 'service-registry' contains invalid characters, please migrate to a valid format.
2020-12-08 16:45:22,577 -->WARN com.netflix.config.sources.URLConfigurationSource[121] --> No URLs will be polled as dynamic configuration sources.
2020-12-08 16:45:22,577 -->INFO com.netflix.config.sources.URLConfigurationSource[122] --> To enable URLs as dynamic configuration sources, define System property archaius.configurationSource.additionalUrls or make config.properties available on classpath.
2020-12-08 16:45:22,580 -->WARN com.netflix.config.sources.URLConfigurationSource[121] --> No URLs will be polled as dynamic configuration sources.
2020-12-08 16:45:22,580 -->INFO com.netflix.config.sources.URLConfigurationSource[122] --> To enable URLs as dynamic configuration sources, define System property archaius.configurationSource.additionalUrls or make config.properties available on classpath.
2020-12-08 16:45:22,737 -->INFO org.springframework.scheduling.concurrent.ThreadPoolTaskExecutor[181] --> Initializing ExecutorService 'applicationTaskExecutor'
2020-12-08 16:45:23,068 -->INFO org.springframework.scheduling.concurrent.ThreadPoolTaskScheduler[181] --> Initializing ExecutorService
2020-12-08 16:45:23,543 -->INFO org.springframework.boot.actuate.endpoint.web.EndpointLinksResolver[58] --> Exposing 2 endpoint(s) beneath base path '/actuator'
2020-12-08 16:45:23,595 -->INFO org.apache.coyote.http11.Http11NioProtocol[173] --> Starting ProtocolHandler ["http-nio-7001"]
2020-12-08 16:45:23,610 -->INFO org.springframework.boot.web.embedded.tomcat.TomcatWebServer[220] --> Tomcat started on port(s): 7001 (http) with context path ''
2020-12-08 16:45:23,672 -->INFO com.alibaba.cloud.nacos.registry.NacosServiceRegistry[62] --> nacos registry, his-web 192.168.116.128:7001 register finished
2020-12-08 16:45:23,762 -->INFO com.sdzy.his.web.HisWeb[61] --> Started HisWeb in 3.368 seconds (JVM running for 4.022)
2020-12-08 16:45:23,765 -->INFO com.sdzy.his.web.HisWeb[25] --> HisWeb is start ......
2020-12-08 16:45:24,088 -->INFO org.apache.catalina.core.ContainerBase.[Tomcat].[localhost].[/][173] --> Initializing Spring DispatcherServlet 'dispatcherServlet'
2020-12-08 16:45:24,088 -->INFO org.springframework.web.servlet.DispatcherServlet[525] --> Initializing Servlet 'dispatcherServlet'
2020-12-08 16:45:24,095 -->INFO org.springframework.web.servlet.DispatcherServlet[547] --> Completed initialization in 7 ms
