2020-12-08 12:59:02,005 -->INFO com.sdzy.his.system.HisSystem[655] --> The following profiles are active: dev
2020-12-08 12:59:02,555 -->INFO org.springframework.data.repository.config.RepositoryConfigurationDelegate[249] --> Multiple Spring Data modules found, entering strict repository configuration mode!
2020-12-08 12:59:02,556 -->INFO org.springframework.data.repository.config.RepositoryConfigurationDelegate[127] --> Bootstrapping Spring Data Redis repositories in DEFAULT mode.
2020-12-08 12:59:02,577 -->INFO org.springframework.data.repository.config.RepositoryConfigurationDelegate[187] --> Finished Spring Data repository scanning in 12ms. Found 0 Redis repository interfaces.
2020-12-08 12:59:02,727 -->INFO com.sdzy.his.system.config.MybatisPlusConfig[25] --> MybatisPlusConfig is start ...
2020-12-08 12:59:02,728 -->INFO com.sdzy.his.system.config.RedisConfig[25] --> RedisConfig is start ......
2020-12-08 12:59:02,742 -->INFO org.springframework.cloud.context.scope.GenericScope[295] --> BeanFactory id=4b734e48-9bf7-3275-ab1d-4a0758896c1c
2020-12-08 12:59:02,979 -->INFO org.springframework.boot.web.embedded.tomcat.TomcatWebServer[108] --> Tomcat initialized with port(s): 8001 (http)
2020-12-08 12:59:02,986 -->INFO org.apache.coyote.http11.Http11NioProtocol[173] --> Initializing ProtocolHandler ["http-nio-8001"]
2020-12-08 12:59:02,987 -->INFO org.apache.catalina.core.StandardService[173] --> Starting service [Tomcat]
2020-12-08 12:59:02,987 -->INFO org.apache.catalina.core.StandardEngine[173] --> Starting Servlet engine: [Apache Tomcat/9.0.37]
2020-12-08 12:59:03,063 -->INFO org.apache.catalina.core.ContainerBase.[Tomcat].[localhost].[/][173] --> Initializing Spring embedded WebApplicationContext
2020-12-08 12:59:03,063 -->INFO org.springframework.boot.web.servlet.context.ServletWebServerApplicationContext[285] --> Root WebApplicationContext: initialization completed in 1046 ms
2020-12-08 12:59:03,140 -->WARN org.springframework.boot.actuate.endpoint.EndpointId[155] --> Endpoint ID 'nacos-discovery' contains invalid characters, please migrate to a valid format.
2020-12-08 12:59:03,141 -->WARN org.springframework.boot.actuate.endpoint.EndpointId[155] --> Endpoint ID 'service-registry' contains invalid characters, please migrate to a valid format.
2020-12-08 12:59:03,874 -->WARN com.netflix.config.sources.URLConfigurationSource[121] --> No URLs will be polled as dynamic configuration sources.
2020-12-08 12:59:03,874 -->INFO com.netflix.config.sources.URLConfigurationSource[122] --> To enable URLs as dynamic configuration sources, define System property archaius.configurationSource.additionalUrls or make config.properties available on classpath.
2020-12-08 12:59:03,877 -->WARN com.netflix.config.sources.URLConfigurationSource[121] --> No URLs will be polled as dynamic configuration sources.
2020-12-08 12:59:03,877 -->INFO com.netflix.config.sources.URLConfigurationSource[122] --> To enable URLs as dynamic configuration sources, define System property archaius.configurationSource.additionalUrls or make config.properties available on classpath.
2020-12-08 12:59:04,008 -->INFO org.springframework.scheduling.concurrent.ThreadPoolTaskExecutor[181] --> Initializing ExecutorService 'applicationTaskExecutor'
2020-12-08 12:59:04,216 -->INFO org.springframework.scheduling.concurrent.ThreadPoolTaskScheduler[181] --> Initializing ExecutorService
2020-12-08 12:59:04,632 -->INFO org.springframework.boot.actuate.endpoint.web.EndpointLinksResolver[58] --> Exposing 2 endpoint(s) beneath base path '/actuator'
2020-12-08 12:59:04,686 -->INFO org.apache.coyote.http11.Http11NioProtocol[173] --> Starting ProtocolHandler ["http-nio-8001"]
2020-12-08 12:59:04,702 -->INFO org.springframework.boot.web.embedded.tomcat.TomcatWebServer[220] --> Tomcat started on port(s): 8001 (http) with context path ''
2020-12-08 12:59:04,767 -->INFO com.alibaba.cloud.nacos.registry.NacosServiceRegistry[62] --> nacos registry, his-system 192.168.116.128:8001 register finished
2020-12-08 12:59:04,852 -->INFO com.sdzy.his.system.HisSystem[61] --> Started HisSystem in 3.616 seconds (JVM running for 4.383)
2020-12-08 12:59:04,857 -->INFO com.sdzy.his.system.HisSystem[22] --> HisSystem is start ...
2020-12-08 12:59:05,288 -->INFO org.apache.catalina.core.ContainerBase.[Tomcat].[localhost].[/][173] --> Initializing Spring DispatcherServlet 'dispatcherServlet'
2020-12-08 12:59:05,288 -->INFO org.springframework.web.servlet.DispatcherServlet[525] --> Initializing Servlet 'dispatcherServlet'
2020-12-08 12:59:05,289 -->INFO com.zaxxer.hikari.HikariDataSource[110] --> HikariPool-1 - Starting...
2020-12-08 12:59:05,295 -->INFO org.springframework.web.servlet.DispatcherServlet[547] --> Completed initialization in 7 ms
2020-12-08 12:59:05,324 -->INFO com.zaxxer.hikari.HikariDataSource[123] --> HikariPool-1 - Start completed.
2020-12-08 13:09:32,683 -->INFO com.alibaba.cloud.nacos.registry.NacosServiceRegistry[74] --> De-registering from Nacos Server now...
2020-12-08 13:09:32,686 -->INFO com.alibaba.cloud.nacos.registry.NacosServiceRegistry[93] --> De-registration finished.
2020-12-08 13:09:32,688 -->INFO org.springframework.scheduling.concurrent.ThreadPoolTaskExecutor[218] --> Shutting down ExecutorService 'applicationTaskExecutor'
2020-12-08 13:09:32,913 -->INFO com.zaxxer.hikari.HikariDataSource[350] --> HikariPool-1 - Shutdown initiated...
2020-12-08 13:09:32,917 -->INFO com.zaxxer.hikari.HikariDataSource[352] --> HikariPool-1 - Shutdown completed.
